  main.cpp
C:\Program Files (x86)\Windows Kits\10\Include\10.0.22621.0\shared\minwindef.h(130,1): warning C4005: 'APIENTRY': macro redefinition
  (compiling source file 'src/main.cpp')
  C:\Users\hchap\source\repos\abyssal-zone\Abyssal-Zone\include\GLAD\glad.h(32,1):
  see previous definition of 'APIENTRY'
  
C:\Users\hchap\source\repos\abyssal-zone\Abyssal-Zone\src\main.cpp(98,38): warning C4244: 'argument': conversion from 'int' to 'float', possible loss of data
C:\Users\hchap\source\repos\abyssal-zone\Abyssal-Zone\src\main.cpp(99,38): warning C4244: 'argument': conversion from 'int' to 'float', possible loss of data
C:\Users\hchap\source\repos\abyssal-zone\Abyssal-Zone\src\main.cpp(126,35): warning C4244: '=': conversion from 'int' to 'float', possible loss of data
C:\Users\hchap\source\repos\abyssal-zone\Abyssal-Zone\src\main.cpp(133,75): warning C4244: '=': conversion from 'int' to 'float', possible loss of data
C:\Users\hchap\source\repos\abyssal-zone\Abyssal-Zone\src\main.cpp(134,89): warning C4244: '=': conversion from 'int' to 'float', possible loss of data
C:\Users\hchap\source\repos\abyssal-zone\Abyssal-Zone\src\main.cpp(135,74): warning C4244: '=': conversion from 'int' to 'float', possible loss of data
C:\Users\hchap\source\repos\abyssal-zone\Abyssal-Zone\src\main.cpp(136,88): warning C4244: '=': conversion from 'int' to 'float', possible loss of data
C:\Users\hchap\source\repos\abyssal-zone\Abyssal-Zone\src\main.cpp(138,53): warning C4244: '=': conversion from 'int' to 'float', possible loss of data
C:\Users\hchap\source\repos\abyssal-zone\Abyssal-Zone\src\main.cpp(139,91): warning C4244: '=': conversion from 'int' to 'float', possible loss of data
C:\Users\hchap\source\repos\abyssal-zone\Abyssal-Zone\src\main.cpp(141,30): warning C4244: 'argument': conversion from 'float' to 'const unsigned __int64', possible loss of data
C:\Users\hchap\source\repos\abyssal-zone\Abyssal-Zone\src\main.cpp(141,35): warning C4244: 'argument': conversion from 'float' to 'const unsigned __int64', possible loss of data
C:\Users\hchap\source\repos\abyssal-zone\Abyssal-Zone\src\main.cpp(141,75): warning C4244: 'argument': conversion from 'float' to 'const unsigned __int64', possible loss of data
C:\Users\hchap\source\repos\abyssal-zone\Abyssal-Zone\src\main.cpp(141,80): warning C4244: 'argument': conversion from 'float' to 'const unsigned __int64', possible loss of data
C:\Users\hchap\source\repos\abyssal-zone\Abyssal-Zone\src\main.cpp(148,32): warning C4244: 'argument': conversion from 'float' to 'const unsigned __int64', possible loss of data
C:\Users\hchap\source\repos\abyssal-zone\Abyssal-Zone\src\main.cpp(148,37): warning C4244: 'argument': conversion from 'float' to 'const unsigned __int64', possible loss of data
C:\Users\hchap\source\repos\abyssal-zone\Abyssal-Zone\src\main.cpp(148,83): warning C4244: 'argument': conversion from 'float' to 'const unsigned __int64', possible loss of data
C:\Users\hchap\source\repos\abyssal-zone\Abyssal-Zone\src\main.cpp(148,88): warning C4244: 'argument': conversion from 'float' to 'const unsigned __int64', possible loss of data
C:\Users\hchap\source\repos\abyssal-zone\Abyssal-Zone\src\main.cpp(173,23): warning C4305: 'argument': truncation from 'double' to 'float'
C:\Users\hchap\source\repos\abyssal-zone\Abyssal-Zone\src\main.cpp(183,75): warning C4244: '=': conversion from 'int' to 'float', possible loss of data
C:\Users\hchap\source\repos\abyssal-zone\Abyssal-Zone\src\main.cpp(184,89): warning C4244: '=': conversion from 'int' to 'float', possible loss of data
C:\Users\hchap\source\repos\abyssal-zone\Abyssal-Zone\src\main.cpp(185,74): warning C4244: '=': conversion from 'int' to 'float', possible loss of data
C:\Users\hchap\source\repos\abyssal-zone\Abyssal-Zone\src\main.cpp(186,88): warning C4244: '=': conversion from 'int' to 'float', possible loss of data
C:\Users\hchap\source\repos\abyssal-zone\Abyssal-Zone\src\main.cpp(187,79): warning C4244: '=': conversion from 'int' to 'float', possible loss of data
C:\Users\hchap\source\repos\abyssal-zone\Abyssal-Zone\src\main.cpp(188,91): warning C4244: '=': conversion from 'int' to 'float', possible loss of data
C:\Users\hchap\source\repos\abyssal-zone\Abyssal-Zone\src\main.cpp(189,84): warning C4244: '=': conversion from 'int' to 'float', possible loss of data
C:\Users\hchap\source\repos\abyssal-zone\Abyssal-Zone\src\main.cpp(193,24): warning C4244: 'argument': conversion from 'float' to 'const unsigned __int64', possible loss of data
C:\Users\hchap\source\repos\abyssal-zone\Abyssal-Zone\src\main.cpp(193,32): warning C4244: 'argument': conversion from 'float' to 'const unsigned __int64', possible loss of data
C:\Users\hchap\source\repos\abyssal-zone\Abyssal-Zone\src\main.cpp(202,24): warning C4244: 'argument': conversion from 'float' to 'const unsigned __int64', possible loss of data
C:\Users\hchap\source\repos\abyssal-zone\Abyssal-Zone\src\main.cpp(202,32): warning C4244: 'argument': conversion from 'float' to 'const unsigned __int64', possible loss of data
C:\Users\hchap\source\repos\abyssal-zone\Abyssal-Zone\src\main.cpp(212,25): warning C4244: 'argument': conversion from 'float' to 'const unsigned __int64', possible loss of data
C:\Users\hchap\source\repos\abyssal-zone\Abyssal-Zone\src\main.cpp(212,37): warning C4244: 'argument': conversion from 'float' to 'const unsigned __int64', possible loss of data
C:\Users\hchap\source\repos\abyssal-zone\Abyssal-Zone\src\main.cpp(221,25): warning C4244: 'argument': conversion from 'float' to 'const unsigned __int64', possible loss of data
C:\Users\hchap\source\repos\abyssal-zone\Abyssal-Zone\src\main.cpp(221,37): warning C4244: 'argument': conversion from 'float' to 'const unsigned __int64', possible loss of data
C:\Users\hchap\source\repos\abyssal-zone\Abyssal-Zone\src\main.cpp(230,25): warning C4244: 'argument': conversion from 'float' to 'const unsigned __int64', possible loss of data
C:\Users\hchap\source\repos\abyssal-zone\Abyssal-Zone\src\main.cpp(230,38): warning C4244: 'argument': conversion from 'float' to 'const unsigned __int64', possible loss of data
C:\Users\hchap\source\repos\abyssal-zone\Abyssal-Zone\src\main.cpp(239,25): warning C4244: 'argument': conversion from 'float' to 'const unsigned __int64', possible loss of data
C:\Users\hchap\source\repos\abyssal-zone\Abyssal-Zone\src\main.cpp(239,38): warning C4244: 'argument': conversion from 'float' to 'const unsigned __int64', possible loss of data
C:\Users\hchap\source\repos\abyssal-zone\Abyssal-Zone\src\main.cpp(250,75): warning C4244: '=': conversion from 'int' to 'float', possible loss of data
C:\Users\hchap\source\repos\abyssal-zone\Abyssal-Zone\src\main.cpp(251,89): warning C4244: '=': conversion from 'int' to 'float', possible loss of data
C:\Users\hchap\source\repos\abyssal-zone\Abyssal-Zone\src\main.cpp(252,74): warning C4244: '=': conversion from 'int' to 'float', possible loss of data
C:\Users\hchap\source\repos\abyssal-zone\Abyssal-Zone\src\main.cpp(253,88): warning C4244: '=': conversion from 'int' to 'float', possible loss of data
C:\Users\hchap\source\repos\abyssal-zone\Abyssal-Zone\src\main.cpp(254,53): warning C4244: '=': conversion from 'int' to 'float', possible loss of data
C:\Users\hchap\source\repos\abyssal-zone\Abyssal-Zone\src\main.cpp(255,91): warning C4244: '=': conversion from 'int' to 'float', possible loss of data
C:\Users\hchap\source\repos\abyssal-zone\Abyssal-Zone\src\main.cpp(256,111): warning C4244: '=': conversion from 'int' to 'float', possible loss of data
C:\Users\hchap\source\repos\abyssal-zone\Abyssal-Zone\src\main.cpp(260,31): warning C4244: 'argument': conversion from 'float' to 'const unsigned __int64', possible loss of data
C:\Users\hchap\source\repos\abyssal-zone\Abyssal-Zone\src\main.cpp(260,36): warning C4244: 'argument': conversion from 'float' to 'const unsigned __int64', possible loss of data
C:\Users\hchap\source\repos\abyssal-zone\Abyssal-Zone\src\main.cpp(260,81): warning C4244: 'argument': conversion from 'float' to 'const unsigned __int64', possible loss of data
C:\Users\hchap\source\repos\abyssal-zone\Abyssal-Zone\src\main.cpp(260,86): warning C4244: 'argument': conversion from 'float' to 'const unsigned __int64', possible loss of data
C:\Users\hchap\source\repos\abyssal-zone\Abyssal-Zone\src\main.cpp(268,24): warning C4244: 'argument': conversion from 'float' to 'const unsigned __int64', possible loss of data
C:\Users\hchap\source\repos\abyssal-zone\Abyssal-Zone\src\main.cpp(268,34): warning C4244: 'argument': conversion from 'float' to 'const unsigned __int64', possible loss of data
C:\Users\hchap\source\repos\abyssal-zone\Abyssal-Zone\src\main.cpp(268,72): warning C4244: 'argument': conversion from 'float' to 'const unsigned __int64', possible loss of data
C:\Users\hchap\source\repos\abyssal-zone\Abyssal-Zone\src\main.cpp(268,82): warning C4244: 'argument': conversion from 'float' to 'const unsigned __int64', possible loss of data
C:\Users\hchap\source\repos\abyssal-zone\Abyssal-Zone\src\main.cpp(277,30): warning C4244: 'argument': conversion from 'float' to 'const unsigned __int64', possible loss of data
C:\Users\hchap\source\repos\abyssal-zone\Abyssal-Zone\src\main.cpp(277,35): warning C4244: 'argument': conversion from 'float' to 'const unsigned __int64', possible loss of data
C:\Users\hchap\source\repos\abyssal-zone\Abyssal-Zone\src\main.cpp(277,75): warning C4244: 'argument': conversion from 'float' to 'const unsigned __int64', possible loss of data
C:\Users\hchap\source\repos\abyssal-zone\Abyssal-Zone\src\main.cpp(277,80): warning C4244: 'argument': conversion from 'float' to 'const unsigned __int64', possible loss of data
C:\Users\hchap\source\repos\abyssal-zone\Abyssal-Zone\src\main.cpp(281,25): warning C4244: 'argument': conversion from 'float' to 'const unsigned __int64', possible loss of data
C:\Users\hchap\source\repos\abyssal-zone\Abyssal-Zone\src\main.cpp(281,35): warning C4244: 'argument': conversion from 'float' to 'const unsigned __int64', possible loss of data
C:\Users\hchap\source\repos\abyssal-zone\Abyssal-Zone\src\main.cpp(281,74): warning C4244: 'argument': conversion from 'float' to 'const unsigned __int64', possible loss of data
C:\Users\hchap\source\repos\abyssal-zone\Abyssal-Zone\src\main.cpp(281,84): warning C4244: 'argument': conversion from 'float' to 'const unsigned __int64', possible loss of data
glfw3.lib(context.obj) : warning LNK4099: PDB '' was not found with 'glfw3.lib(context.obj)' or at ''; linking object as if no debug info
glfw3.lib(init.obj) : warning LNK4099: PDB '' was not found with 'glfw3.lib(init.obj)' or at ''; linking object as if no debug info
glfw3.lib(window.obj) : warning LNK4099: PDB '' was not found with 'glfw3.lib(window.obj)' or at ''; linking object as if no debug info
glfw3.lib(input.obj) : warning LNK4099: PDB '' was not found with 'glfw3.lib(input.obj)' or at ''; linking object as if no debug info
glfw3.lib(win32_thread.obj) : warning LNK4099: PDB '' was not found with 'glfw3.lib(win32_thread.obj)' or at ''; linking object as if no debug info
glfw3.lib(win32_time.obj) : warning LNK4099: PDB '' was not found with 'glfw3.lib(win32_time.obj)' or at ''; linking object as if no debug info
glfw3.lib(platform.obj) : warning LNK4099: PDB '' was not found with 'glfw3.lib(platform.obj)' or at ''; linking object as if no debug info
glfw3.lib(monitor.obj) : warning LNK4099: PDB '' was not found with 'glfw3.lib(monitor.obj)' or at ''; linking object as if no debug info
glfw3.lib(vulkan.obj) : warning LNK4099: PDB '' was not found with 'glfw3.lib(vulkan.obj)' or at ''; linking object as if no debug info
glfw3.lib(win32_init.obj) : warning LNK4099: PDB '' was not found with 'glfw3.lib(win32_init.obj)' or at ''; linking object as if no debug info
glfw3.lib(null_init.obj) : warning LNK4099: PDB '' was not found with 'glfw3.lib(null_init.obj)' or at ''; linking object as if no debug info
glfw3.lib(win32_module.obj) : warning LNK4099: PDB '' was not found with 'glfw3.lib(win32_module.obj)' or at ''; linking object as if no debug info
glfw3.lib(win32_monitor.obj) : warning LNK4099: PDB '' was not found with 'glfw3.lib(win32_monitor.obj)' or at ''; linking object as if no debug info
glfw3.lib(win32_window.obj) : warning LNK4099: PDB '' was not found with 'glfw3.lib(win32_window.obj)' or at ''; linking object as if no debug info
glfw3.lib(win32_joystick.obj) : warning LNK4099: PDB '' was not found with 'glfw3.lib(win32_joystick.obj)' or at ''; linking object as if no debug info
glfw3.lib(wgl_context.obj) : warning LNK4099: PDB '' was not found with 'glfw3.lib(wgl_context.obj)' or at ''; linking object as if no debug info
glfw3.lib(egl_context.obj) : warning LNK4099: PDB '' was not found with 'glfw3.lib(egl_context.obj)' or at ''; linking object as if no debug info
glfw3.lib(osmesa_context.obj) : warning LNK4099: PDB '' was not found with 'glfw3.lib(osmesa_context.obj)' or at ''; linking object as if no debug info
glfw3.lib(null_monitor.obj) : warning LNK4099: PDB '' was not found with 'glfw3.lib(null_monitor.obj)' or at ''; linking object as if no debug info
glfw3.lib(null_window.obj) : warning LNK4099: PDB '' was not found with 'glfw3.lib(null_window.obj)' or at ''; linking object as if no debug info
glfw3.lib(null_joystick.obj) : warning LNK4099: PDB '' was not found with 'glfw3.lib(null_joystick.obj)' or at ''; linking object as if no debug info
  Abyssal-Zone.vcxproj -> C:\Users\hchap\source\repos\abyssal-zone\x64\Debug\Abyssal-Zone.exe
  'pwsh.exe' is not recognized as an internal or external command,
  operable program or batch file.
